  File "newround1.py", line 28
SyntaxError: Non-ASCII character '\xca' in file newround1.py on line 28, but no encoding declared; see http://www.python.org/peps/pep-0263.html for details
  File "newround1.py", line 28
SyntaxError: Non-ASCII character '\xca' in file newround1.py on line 28, but no encoding declared; see http://www.python.org/peps/pep-0263.html for details
  File "newround1.py", line 28
SyntaxError: Non-ASCII character '\xca' in file newround1.py on line 28, but no encoding declared; see http://www.python.org/peps/pep-0263.html for details
  File "newround1.py", line 335
    tts.say("redball is in the right !")  
      ^
IndentationError: expected an indented block
[I] 6012 qimessaging.session: Session listener created on tcp://0.0.0.0:0
[I] 6012 qimessaging.transportserver: TransportServer will listen on: tcp://127.0.0.1:57970
[I] 6012 qimessaging.transportserver: TransportServer will listen on: tcp://192.168.43.253:57970
right hand touched
front head touched
1
[[1544235077, 592926], [0.11957688629627228, 0.07615451514720917, 0.02989421784877777, 0.031154129654169083], [0.050948839634656906, 0.00023232799139805138, 0.14354035258293152, -2.3283064365386963e-10, 0.706659734249115, 0.004559993743896484], [0.07353468239307404, -0.07129769027233124, 0.45539379119873047, 0.3776606321334839, 0.6716766953468323, 0.24562576413154602], 1]
2
[[1544235077, 592926], [0.11957688629627228, 0.07615451514720917, 0.02989421784877777, 0.031154129654169083], [0.050948839634656906, 0.00023232799139805138, 0.14354035258293152, -2.3283064365386963e-10, 0.706659734249115, 0.004559993743896484], [0.07353468239307404, -0.07129769027233124, 0.45539379119873047, 0.3776606321334839, 0.6716766953468323, 0.24562576413154602], 1]
3
[[1544235077, 592926], [0.11957688629627228, 0.07615451514720917, 0.02989421784877777, 0.031154129654169083], [0.050948839634656906, 0.00023232799139805138, 0.14354035258293152, -2.3283064365386963e-10, 0.706659734249115, 0.004559993743896484], [0.07353468239307404, -0.07129769027233124, 0.45539379119873047, 0.3776606321334839, 0.6716766953468323, 0.24562576413154602], 1]
[[0.004559993743896484], [[1544235077, 592926], [0.11957688629627228, 0.07615451514720917, 0.02989421784877777, 0.031154129654169083], [0.050948839634656906, 0.00023232799139805138, 0.14354035258293152, -2.3283064365386963e-10, 0.706659734249115, 0.004559993743896484], [0.07353468239307404, -0.07129769027233124, 0.45539379119873047, 0.3776606321334839, 0.6716766953468323, 0.24562576413154602], 1], 0]
0.0904532715456
[I] 6115 qimessaging.session: Session listener created on tcp://0.0.0.0:0
[I] 6115 qimessaging.transportserver: TransportServer will listen on: tcp://127.0.0.1:43106
[I] 6115 qimessaging.transportserver: TransportServer will listen on: tcp://192.168.43.253:43106
right hand touched
front head touched
1
[[1544235297, 727629], [-0.2889774739742279, 0.33231067657470703, 0.03985895961523056, 0.04153883829712868], [0.0508967824280262, 7.593925693072379e-05, 0.1436966061592102, -1.7462299661819003e-10, 0.7035914659500122, 0.0014920233516022563], [-0.12266294658184052, 0.38380134105682373, 0.4604222774505615, -0.015288322232663631, 0.6774289608001709, 0.9507747888565063], 1]
2
[[1544235297, 727629], [-0.2889774739742279, 0.33231067657470703, 0.03985895961523056, 0.04153883829712868], [0.0508967824280262, 7.593925693072379e-05, 0.1436966061592102, -1.7462299661819003e-10, 0.7035914659500122, 0.0014920233516022563], [-0.12266294658184052, 0.38380134105682373, 0.4604222774505615, -0.015288322232663631, 0.6774289608001709, 0.9507747888565063], 1]
3
[[1544235297, 727629], [-0.2889774739742279, 0.33231067657470703, 0.03985895961523056, 0.04153883829712868], [0.0508967824280262, 7.593925693072379e-05, 0.1436966061592102, -1.7462299661819003e-10, 0.7035914659500122, 0.0014920233516022563], [-0.12266294658184052, 0.38380134105682373, 0.4604222774505615, -0.015288322232663631, 0.6774289608001709, 0.9507747888565063], 1]
[[0.0014920234680175781], [[1544235297, 727629], [-0.2889774739742279, 0.33231067657470703, 0.03985895961523056, 0.04153883829712868], [0.0508967824280262, 7.593925693072379e-05, 0.1436966061592102, -1.7462299661819003e-10, 0.7035914659500122, 0.0014920233516022563], [-0.12266294658184052, 0.38380134105682373, 0.4604222774505615, -0.015288322232663631, 0.6774289608001709, 0.9507747888565063], 1], 0]
0.0828781677868
[I] 4919 qimessaging.session: Session listener created on tcp://0.0.0.0:0
[I] 4919 qimessaging.transportserver: TransportServer will listen on: tcp://127.0.0.1:39831
[I] 4919 qimessaging.transportserver: TransportServer will listen on: tcp://192.168.43.253:39831
Traceback (most recent call last):
  File "shijue.py", line 133, in <module>
    showNaoImage()
  File "shijue.py", line 66, in showNaoImage
    naoImage = camProxy.getImageLoacl(videoClient)
  File "/usr/lib/python2.7/site-packages/naoqi.py", line 301, in __call__
    return self.__wrapped__.method_missing(self.__method__, *args, **kwargs)
  File "/usr/lib/python2.7/site-packages/naoqi.py", line 371, in method_missing
    raise e
RuntimeError: 	ALVideoDevice::getImageLoacl
	Can't find method: getImageLoacl (resolved to '(s)')

[I] 4974 qimessaging.session: Session listener created on tcp://0.0.0.0:0
[I] 4974 qimessaging.transportserver: TransportServer will listen on: tcp://127.0.0.1:53220
[I] 4974 qimessaging.transportserver: TransportServer will listen on: tcp://192.168.43.253:53220
Traceback (most recent call last):
  File "shijue.py", line 133, in <module>
    showNaoImage()
  File "shijue.py", line 66, in showNaoImage
    naoImage = camProxy.getImageLoacl(videoClient)
  File "/usr/lib/python2.7/site-packages/naoqi.py", line 301, in __call__
    return self.__wrapped__.method_missing(self.__method__, *args, **kwargs)
  File "/usr/lib/python2.7/site-packages/naoqi.py", line 371, in method_missing
    raise e
RuntimeError: 	ALVideoDevice::getImageLoacl
	Can't find method: getImageLoacl (resolved to '(s)')

  File "round1.py", line 660
    .
    ^
SyntaxError: invalid syntax
[I] 6156 qimessaging.session: Session listener created on tcp://0.0.0.0:0
[I] 6156 qimessaging.transportserver: TransportServer will listen on: tcp://127.0.0.1:49175
[I] 6156 qimessaging.transportserver: TransportServer will listen on: tcp://192.168.43.253:49175
right hand touched
front head touched
acquisition delay  0.155925989151
Traceback (most recent call last):
  File "round2.py", line 829, in <module>
    showNaoImage()
  File "round2.py", line 736, in showNaoImage
    img = Image.frombytes("RGB", (imageWidth, imageHeight), array)
AttributeError: 'module' object has no attribute 'frombytes'
[I] 6190 qimessaging.session: Session listener created on tcp://0.0.0.0:0
[I] 6190 qimessaging.transportserver: TransportServer will listen on: tcp://127.0.0.1:59875
[I] 6190 qimessaging.transportserver: TransportServer will listen on: tcp://192.168.43.253:59875
[W] 6199 qimessaging.transportsocket: connect: No route to host
Traceback (most recent call last):
  File "round3.py", line 16, in <module>
    AutoProxy=ALProxy("ALAutonomousLife",robotIP,PORT)
  File "/usr/lib/python2.7/site-packages/naoqi.py", line 344, in __init__
    inaoqi.proxy.__init__(self, args[0], args[1], args[2])
  File "/usr/lib/python2.7/site-packages/inaoqi.py", line 319, in __init__
    this = _inaoqi.new_proxy(*args)
RuntimeError: 	ALBroker::createBroker
	Cannot connect to tcp://192.168.43.195:9559
[I] 6267 qimessaging.session: Session listener created on tcp://0.0.0.0:0
[I] 6267 qimessaging.transportserver: TransportServer will listen on: tcp://127.0.0.1:40095
[I] 6267 qimessaging.transportserver: TransportServer will listen on: tcp://192.168.43.253:40095
right hand touched
front head touched
1
[[1544248870, 803308], [-0.16940058767795563, -0.05365433171391487, 0.0979866087436676, 0.10211630910634995], [0.06005868688225746, -0.00046317503438331187, 0.18886707723140717, -2.9103830456733704e-11, 0.042377594858407974, -0.007711887825280428], [0.08916959166526794, -0.0030854386277496815, 0.5013497471809387, 0.004783583339303732, 0.14868000149726868, -0.007036863826215267], 0]
2
[[1544248870, 803308], [-0.16940058767795563, -0.05365433171391487, 0.0979866087436676, 0.10211630910634995], [0.06005868688225746, -0.00046317503438331187, 0.18886707723140717, -2.9103830456733704e-11, 0.042377594858407974, -0.007711887825280428], [0.08916959166526794, -0.0030854386277496815, 0.5013497471809387, 0.004783583339303732, 0.14868000149726868, -0.007036863826215267], 0]
3
[[1544248870, 803308], [-0.16940058767795563, -0.05365433171391487, 0.0979866087436676, 0.10211630910634995], [0.06005868688225746, -0.00046317503438331187, 0.18886707723140717, -2.9103830456733704e-11, 0.042377594858407974, -0.007711887825280428], [0.08916959166526794, -0.0030854386277496815, 0.5013497471809387, 0.004783583339303732, 0.14868000149726868, -0.007036863826215267], 0]
1
[[1544248870, 803308], [-0.16940058767795563, -0.05365433171391487, 0.0979866087436676, 0.10211630910634995], [0.06005868688225746, -0.00046317503438331187, 0.18886707723140717, -2.9103830456733704e-11, 0.042377594858407974, -0.007711887825280428], [0.08916959166526794, -0.0030854386277496815, 0.5013497471809387, 0.004783583339303732, 0.14868000149726868, -0.007036863826215267], 0]
2
[[1544248870, 803308], [-0.16940058767795563, -0.05365433171391487, 0.0979866087436676, 0.10211630910634995], [0.06005868688225746, -0.00046317503438331187, 0.18886707723140717, -2.9103830456733704e-11, 0.042377594858407974, -0.007711887825280428], [0.08916959166526794, -0.0030854386277496815, 0.5013497471809387, 0.004783583339303732, 0.14868000149726868, -0.007036863826215267], 0]
3
[[1544248870, 803308], [-0.16940058767795563, -0.05365433171391487, 0.0979866087436676, 0.10211630910634995], [0.06005868688225746, -0.00046317503438331187, 0.18886707723140717, -2.9103830456733704e-11, 0.042377594858407974, -0.007711887825280428], [0.08916959166526794, -0.0030854386277496815, 0.5013497471809387, 0.004783583339303732, 0.14868000149726868, -0.007036863826215267], 0]
1
[[1544248870, 803308], [-0.16940058767795563, -0.05365433171391487, 0.0979866087436676, 0.10211630910634995], [0.06005868688225746, -0.00046317503438331187, 0.18886707723140717, -2.9103830456733704e-11, 0.042377594858407974, -0.007711887825280428], [0.08916959166526794, -0.0030854386277496815, 0.5013497471809387, 0.004783583339303732, 0.14868000149726868, -0.007036863826215267], 0]
2
[[1544248870, 803308], [-0.16940058767795563, -0.05365433171391487, 0.0979866087436676, 0.10211630910634995], [0.06005868688225746, -0.00046317503438331187, 0.18886707723140717, -2.9103830456733704e-11, 0.042377594858407974, -0.007711887825280428], [0.08916959166526794, -0.0030854386277496815, 0.5013497471809387, 0.004783583339303732, 0.14868000149726868, -0.007036863826215267], 0]
3
[[1544248870, 803308], [-0.16940058767795563, -0.05365433171391487, 0.0979866087436676, 0.10211630910634995], [0.06005868688225746, -0.00046317503438331187, 0.18886707723140717, -2.9103830456733704e-11, 0.042377594858407974, -0.007711887825280428], [0.08916959166526794, -0.0030854386277496815, 0.5013497471809387, 0.004783583339303732, 0.14868000149726868, -0.007036863826215267], 0]
1
[[1544248870, 803308], [-0.16940058767795563, -0.05365433171391487, 0.0979866087436676, 0.10211630910634995], [0.06005868688225746, -0.00046317503438331187, 0.18886707723140717, -2.9103830456733704e-11, 0.042377594858407974, -0.007711887825280428], [0.08916959166526794, -0.0030854386277496815, 0.5013497471809387, 0.004783583339303732, 0.14868000149726868, -0.007036863826215267], 0]
2
[[1544248870, 803308], [-0.16940058767795563, -0.05365433171391487, 0.0979866087436676, 0.10211630910634995], [0.06005868688225746, -0.00046317503438331187, 0.18886707723140717, -2.9103830456733704e-11, 0.042377594858407974, -0.007711887825280428], [0.08916959166526794, -0.0030854386277496815, 0.5013497471809387, 0.004783583339303732, 0.14868000149726868, -0.007036863826215267], 0]
3
[[1544248870, 803308], [-0.16940058767795563, -0.05365433171391487, 0.0979866087436676, 0.10211630910634995], [0.06005868688225746, -0.00046317503438331187, 0.18886707723140717, -2.9103830456733704e-11, 0.042377594858407974, -0.007711887825280428], [0.08916959166526794, -0.0030854386277496815, 0.5013497471809387, 0.004783583339303732, 0.14868000149726868, -0.007036863826215267], 0]
1
[[1544248870, 803308], [-0.16940058767795563, -0.05365433171391487, 0.0979866087436676, 0.10211630910634995], [0.06005868688225746, -0.00046317503438331187, 0.18886707723140717, -2.9103830456733704e-11, 0.042377594858407974, -0.007711887825280428], [0.08916959166526794, -0.0030854386277496815, 0.5013497471809387, 0.004783583339303732, 0.14868000149726868, -0.007036863826215267], 0]
2
[[1544248870, 803308], [-0.16940058767795563, -0.05365433171391487, 0.0979866087436676, 0.10211630910634995], [0.06005868688225746, -0.00046317503438331187, 0.18886707723140717, -2.9103830456733704e-11, 0.042377594858407974, -0.007711887825280428], [0.08916959166526794, -0.0030854386277496815, 0.5013497471809387, 0.004783583339303732, 0.14868000149726868, -0.007036863826215267], 0]
3
[[1544248870, 803308], [-0.16940058767795563, -0.05365433171391487, 0.0979866087436676, 0.10211630910634995], [0.06005868688225746, -0.00046317503438331187, 0.18886707723140717, -2.9103830456733704e-11, 0.042377594858407974, -0.007711887825280428], [0.08916959166526794, -0.0030854386277496815, 0.5013497471809387, 0.004783583339303732, 0.14868000149726868, -0.007036863826215267], 0]
1
[[1544249158, 660557], [-0.3321579694747925, -0.3548109233379364, 0.06809238344430923, 0.07096218317747116], [0.02895122393965721, -0.004295805469155312, 0.1715508997440338, 9.778887033462524e-09, 0.03476758301258087, -0.14730596542358398], [0.025191400200128555, -0.0064560165628790855, 0.5014157295227051, 0.015921955928206444, 0.00041845423402264714, -0.1457611471414566], 1]
2
[[1544249161, 33945], [-0.45505645871162415, -0.3323107063770294, 0.08968266099691391, 0.09346238523721695], [0.028642520308494568, 8.667277143104002e-05, 0.17195117473602295, 7.275957614183426e-12, 0.020943790674209595, 0.0030260086059570312], [0.004163775593042374, -0.00793828908354044, 0.5043765306472778, 0.02113211899995804, -0.049742233008146286, 0.003962226212024689], 1]
3
[[1544249163, 333313], [-0.35873058438301086, -0.30634891986846924, 0.12455924600362778, 0.12980887293815613], [0.028626298531889915, -0.0009676472982391715, 0.17195117473602295, -5.238690037323579e-10, 0.020943790674209595, -0.03378986939787865], [0.0027699843049049377, -0.014032707549631596, 0.5041974782943726, 0.010620227083563805, -0.05688751861453056, -0.04205840080976486], 1]
[[-0.14883995056152344], [[1544249158, 660557], [-0.3321579694747925, -0.3548109233379364, 0.06809238344430923, 0.07096218317747116], [0.02895122393965721, -0.004295805469155312, 0.1715508997440338, 9.778887033462524e-09, 0.03476758301258087, -0.14730596542358398], [0.025191400200128555, -0.0064560165628790855, 0.5014157295227051, 0.015921955928206444, 0.00041845423402264714, -0.1457611471414566], 1], 0]
0.350164618283
acquisition delay  0.191582202911
Traceback (most recent call last):
  File "round1.py", line 811, in <module>
    showNaoImage()
  File "round1.py", line 577, in showNaoImage
    img = Image.frombytes("RGB", (imageWidth, imageHeight), array)
AttributeError: 'module' object has no attribute 'frombytes'
[I] 6825 qimessaging.session: Session listener created on tcp://0.0.0.0:0
[I] 6825 qimessaging.transportserver: TransportServer will listen on: tcp://127.0.0.1:43135
[I] 6825 qimessaging.transportserver: TransportServer will listen on: tcp://192.168.43.253:43135
right hand touched
front head touched
1
[[1544250362, 954160], [0.23251059651374817, 0.07269294559955597, 0.03321579843759537, 0.03461569920182228], [0.04634012654423714, 0.002417158568277955, 0.19960036873817444, 0.0, -0.1585763692855835, 0.052114009857177734], [0.0584343783557415, -0.002459052950143814, 0.42881205677986145, 0.0179152749478817, -0.17464622855186462, 0.049624934792518616], 0]
2
[[1544250362, 954160], [0.23251059651374817, 0.07269294559955597, 0.03321579843759537, 0.03461569920182228], [0.04634012654423714, 0.002417158568277955, 0.19960036873817444, 0.0, -0.1585763692855835, 0.052114009857177734], [0.0584343783557415, -0.002459052950143814, 0.42881205677986145, 0.0179152749478817, -0.17464622855186462, 0.049624934792518616], 0]
3
[[1544250362, 954160], [0.23251059651374817, 0.07269294559955597, 0.03321579843759537, 0.03461569920182228], [0.04634012654423714, 0.002417158568277955, 0.19960036873817444, 0.0, -0.1585763692855835, 0.052114009857177734], [0.0584343783557415, -0.002459052950143814, 0.42881205677986145, 0.0179152749478817, -0.17464622855186462, 0.049624934792518616], 0]
1
[[1544250362, 954160], [0.23251059651374817, 0.07269294559955597, 0.03321579843759537, 0.03461569920182228], [0.04634012654423714, 0.002417158568277955, 0.19960036873817444, 0.0, -0.1585763692855835, 0.052114009857177734], [0.0584343783557415, -0.002459052950143814, 0.42881205677986145, 0.0179152749478817, -0.17464622855186462, 0.049624934792518616], 0]
2
[[1544250362, 954160], [0.23251059651374817, 0.07269294559955597, 0.03321579843759537, 0.03461569920182228], [0.04634012654423714, 0.002417158568277955, 0.19960036873817444, 0.0, -0.1585763692855835, 0.052114009857177734], [0.0584343783557415, -0.002459052950143814, 0.42881205677986145, 0.0179152749478817, -0.17464622855186462, 0.049624934792518616], 0]
3
[[1544250362, 954160], [0.23251059651374817, 0.07269294559955597, 0.03321579843759537, 0.03461569920182228], [0.04634012654423714, 0.002417158568277955, 0.19960036873817444, 0.0, -0.1585763692855835, 0.052114009857177734], [0.0584343783557415, -0.002459052950143814, 0.42881205677986145, 0.0179152749478817, -0.17464622855186462, 0.049624934792518616], 0]
1
[[1544250362, 954160], [0.23251059651374817, 0.07269294559955597, 0.03321579843759537, 0.03461569920182228], [0.04634012654423714, 0.002417158568277955, 0.19960036873817444, 0.0, -0.1585763692855835, 0.052114009857177734], [0.0584343783557415, -0.002459052950143814, 0.42881205677986145, 0.0179152749478817, -0.17464622855186462, 0.049624934792518616], 0]
2
[[1544250362, 954160], [0.23251059651374817, 0.07269294559955597, 0.03321579843759537, 0.03461569920182228], [0.04634012654423714, 0.002417158568277955, 0.19960036873817444, 0.0, -0.1585763692855835, 0.052114009857177734], [0.0584343783557415, -0.002459052950143814, 0.42881205677986145, 0.0179152749478817, -0.17464622855186462, 0.049624934792518616], 0]
3
[[1544250362, 954160], [0.23251059651374817, 0.07269294559955597, 0.03321579843759537, 0.03461569920182228], [0.04634012654423714, 0.002417158568277955, 0.19960036873817444, 0.0, -0.1585763692855835, 0.052114009857177734], [0.0584343783557415, -0.002459052950143814, 0.42881205677986145, 0.0179152749478817, -0.17464622855186462, 0.049624934792518616], 0]
1
[[1544250362, 954160], [0.23251059651374817, 0.07269294559955597, 0.03321579843759537, 0.03461569920182228], [0.04634012654423714, 0.002417158568277955, 0.19960036873817444, 0.0, -0.1585763692855835, 0.052114009857177734], [0.0584343783557415, -0.002459052950143814, 0.42881205677986145, 0.0179152749478817, -0.17464622855186462, 0.049624934792518616], 0]
2
[[1544250362, 954160], [0.23251059651374817, 0.07269294559955597, 0.03321579843759537, 0.03461569920182228], [0.04634012654423714, 0.002417158568277955, 0.19960036873817444, 0.0, -0.1585763692855835, 0.052114009857177734], [0.0584343783557415, -0.002459052950143814, 0.42881205677986145, 0.0179152749478817, -0.17464622855186462, 0.049624934792518616], 0]
3
[[1544250362, 954160], [0.23251059651374817, 0.07269294559955597, 0.03321579843759537, 0.03461569920182228], [0.04634012654423714, 0.002417158568277955, 0.19960036873817444, 0.0, -0.1585763692855835, 0.052114009857177734], [0.0584343783557415, -0.002459052950143814, 0.42881205677986145, 0.0179152749478817, -0.17464622855186462, 0.049624934792518616], 0]
1
[[1544250362, 954160], [0.23251059651374817, 0.07269294559955597, 0.03321579843759537, 0.03461569920182228], [0.04634012654423714, 0.002417158568277955, 0.19960036873817444, 0.0, -0.1585763692855835, 0.052114009857177734], [0.0584343783557415, -0.002459052950143814, 0.42881205677986145, 0.0179152749478817, -0.17464622855186462, 0.049624934792518616], 0]
2
[[1544250362, 954160], [0.23251059651374817, 0.07269294559955597, 0.03321579843759537, 0.03461569920182228], [0.04634012654423714, 0.002417158568277955, 0.19960036873817444, 0.0, -0.1585763692855835, 0.052114009857177734], [0.0584343783557415, -0.002459052950143814, 0.42881205677986145, 0.0179152749478817, -0.17464622855186462, 0.049624934792518616], 0]
3
[[1544250362, 954160], [0.23251059651374817, 0.07269294559955597, 0.03321579843759537, 0.03461569920182228], [0.04634012654423714, 0.002417158568277955, 0.19960036873817444, 0.0, -0.1585763692855835, 0.052114009857177734], [0.0584343783557415, -0.002459052950143814, 0.42881205677986145, 0.0179152749478817, -0.17464622855186462, 0.049624934792518616], 0]
1
[[1544250362, 954160], [0.23251059651374817, 0.07269294559955597, 0.03321579843759537, 0.03461569920182228], [0.04634012654423714, 0.002417158568277955, 0.19960036873817444, 0.0, -0.1585763692855835, 0.052114009857177734], [0.0584343783557415, -0.002459052950143814, 0.42881205677986145, 0.0179152749478817, -0.17464622855186462, 0.049624934792518616], 0]
2
[[1544250362, 954160], [0.23251059651374817, 0.07269294559955597, 0.03321579843759537, 0.03461569920182228], [0.04634012654423714, 0.002417158568277955, 0.19960036873817444, 0.0, -0.1585763692855835, 0.052114009857177734], [0.0584343783557415, -0.002459052950143814, 0.42881205677986145, 0.0179152749478817, -0.17464622855186462, 0.049624934792518616], 0]
3
[[1544250362, 954160], [0.23251059651374817, 0.07269294559955597, 0.03321579843759537, 0.03461569920182228], [0.04634012654423714, 0.002417158568277955, 0.19960036873817444, 0.0, -0.1585763692855835, 0.052114009857177734], [0.0584343783557415, -0.002459052950143814, 0.42881205677986145, 0.0179152749478817, -0.17464622855186462, 0.049624934792518616], 0]
1
[[1544250362, 954160], [0.23251059651374817, 0.07269294559955597, 0.03321579843759537, 0.03461569920182228], [0.04634012654423714, 0.002417158568277955, 0.19960036873817444, 0.0, -0.1585763692855835, 0.052114009857177734], [0.0584343783557415, -0.002459052950143814, 0.42881205677986145, 0.0179152749478817, -0.17464622855186462, 0.049624934792518616], 0]
2
[[1544250362, 954160], [0.23251059651374817, 0.07269294559955597, 0.03321579843759537, 0.03461569920182228], [0.04634012654423714, 0.002417158568277955, 0.19960036873817444, 0.0, -0.1585763692855835, 0.052114009857177734], [0.0584343783557415, -0.002459052950143814, 0.42881205677986145, 0.0179152749478817, -0.17464622855186462, 0.049624934792518616], 0]
3
[[1544250362, 954160], [0.23251059651374817, 0.07269294559955597, 0.03321579843759537, 0.03461569920182228], [0.04634012654423714, 0.002417158568277955, 0.19960036873817444, 0.0, -0.1585763692855835, 0.052114009857177734], [0.0584343783557415, -0.002459052950143814, 0.42881205677986145, 0.0179152749478817, -0.17464622855186462, 0.049624934792518616], 0]
1
[[1544250362, 954160], [0.23251059651374817, 0.07269294559955597, 0.03321579843759537, 0.03461569920182228], [0.04634012654423714, 0.002417158568277955, 0.19960036873817444, 0.0, -0.1585763692855835, 0.052114009857177734], [0.0584343783557415, -0.002459052950143814, 0.42881205677986145, 0.0179152749478817, -0.17464622855186462, 0.049624934792518616], 0]
2
[[1544250362, 954160], [0.23251059651374817, 0.07269294559955597, 0.03321579843759537, 0.03461569920182228], [0.04634012654423714, 0.002417158568277955, 0.19960036873817444, 0.0, -0.1585763692855835, 0.052114009857177734], [0.0584343783557415, -0.002459052950143814, 0.42881205677986145, 0.0179152749478817, -0.17464622855186462, 0.049624934792518616], 0]
3
[[1544250362, 954160], [0.23251059651374817, 0.07269294559955597, 0.03321579843759537, 0.03461569920182228], [0.04634012654423714, 0.002417158568277955, 0.19960036873817444, 0.0, -0.1585763692855835, 0.052114009857177734], [0.0584343783557415, -0.002459052950143814, 0.42881205677986145, 0.0179152749478817, -0.17464622855186462, 0.049624934792518616], 0]
1
[[1544250362, 954160], [0.23251059651374817, 0.07269294559955597, 0.03321579843759537, 0.03461569920182228], [0.04634012654423714, 0.002417158568277955, 0.19960036873817444, 0.0, -0.1585763692855835, 0.052114009857177734], [0.0584343783557415, -0.002459052950143814, 0.42881205677986145, 0.0179152749478817, -0.17464622855186462, 0.049624934792518616], 0]
2
[[1544250362, 954160], [0.23251059651374817, 0.07269294559955597, 0.03321579843759537, 0.03461569920182228], [0.04634012654423714, 0.002417158568277955, 0.19960036873817444, 0.0, -0.1585763692855835, 0.052114009857177734], [0.0584343783557415, -0.002459052950143814, 0.42881205677986145, 0.0179152749478817, -0.17464622855186462, 0.049624934792518616], 0]
3
[[1544250362, 954160], [0.23251059651374817, 0.07269294559955597, 0.03321579843759537, 0.03461569920182228], [0.04634012654423714, 0.002417158568277955, 0.19960036873817444, 0.0, -0.1585763692855835, 0.052114009857177734], [0.0584343783557415, -0.002459052950143814, 0.42881205677986145, 0.0179152749478817, -0.17464622855186462, 0.049624934792518616], 0]
1
[[1544250362, 954160], [0.23251059651374817, 0.07269294559955597, 0.03321579843759537, 0.03461569920182228], [0.04634012654423714, 0.002417158568277955, 0.19960036873817444, 0.0, -0.1585763692855835, 0.052114009857177734], [0.0584343783557415, -0.002459052950143814, 0.42881205677986145, 0.0179152749478817, -0.17464622855186462, 0.049624934792518616], 0]
2
[[1544250362, 954160], [0.23251059651374817, 0.07269294559955597, 0.03321579843759537, 0.03461569920182228], [0.04634012654423714, 0.002417158568277955, 0.19960036873817444, 0.0, -0.1585763692855835, 0.052114009857177734], [0.0584343783557415, -0.002459052950143814, 0.42881205677986145, 0.0179152749478817, -0.17464622855186462, 0.049624934792518616], 0]
3
[[1544250362, 954160], [0.23251059651374817, 0.07269294559955597, 0.03321579843759537, 0.03461569920182228], [0.04634012654423714, 0.002417158568277955, 0.19960036873817444, 0.0, -0.1585763692855835, 0.052114009857177734], [0.0584343783557415, -0.002459052950143814, 0.42881205677986145, 0.0179152749478817, -0.17464622855186462, 0.049624934792518616], 0]
1
[[1544250362, 954160], [0.23251059651374817, 0.07269294559955597, 0.03321579843759537, 0.03461569920182228], [0.04634012654423714, 0.002417158568277955, 0.19960036873817444, 0.0, -0.1585763692855835, 0.052114009857177734], [0.0584343783557415, -0.002459052950143814, 0.42881205677986145, 0.0179152749478817, -0.17464622855186462, 0.049624934792518616], 0]
2
[[1544250362, 954160], [0.23251059651374817, 0.07269294559955597, 0.03321579843759537, 0.03461569920182228], [0.04634012654423714, 0.002417158568277955, 0.19960036873817444, 0.0, -0.1585763692855835, 0.052114009857177734], [0.0584343783557415, -0.002459052950143814, 0.42881205677986145, 0.0179152749478817, -0.17464622855186462, 0.049624934792518616], 0]
3
[[1544250362, 954160], [0.23251059651374817, 0.07269294559955597, 0.03321579843759537, 0.03461569920182228], [0.04634012654423714, 0.002417158568277955, 0.19960036873817444, 0.0, -0.1585763692855835, 0.052114009857177734], [0.0584343783557415, -0.002459052950143814, 0.42881205677986145, 0.0179152749478817, -0.17464622855186462, 0.049624934792518616], 0]
1
[[1544250362, 954160], [0.23251059651374817, 0.07269294559955597, 0.03321579843759537, 0.03461569920182228], [0.04634012654423714, 0.002417158568277955, 0.19960036873817444, 0.0, -0.1585763692855835, 0.052114009857177734], [0.0584343783557415, -0.002459052950143814, 0.42881205677986145, 0.0179152749478817, -0.17464622855186462, 0.049624934792518616], 0]
2
[[1544250362, 954160], [0.23251059651374817, 0.07269294559955597, 0.03321579843759537, 0.03461569920182228], [0.04634012654423714, 0.002417158568277955, 0.19960036873817444, 0.0, -0.1585763692855835, 0.052114009857177734], [0.0584343783557415, -0.002459052950143814, 0.42881205677986145, 0.0179152749478817, -0.17464622855186462, 0.049624934792518616], 0]
3
[[1544250362, 954160], [0.23251059651374817, 0.07269294559955597, 0.03321579843759537, 0.03461569920182228], [0.04634012654423714, 0.002417158568277955, 0.19960036873817444, 0.0, -0.1585763692855835, 0.052114009857177734], [0.0584343783557415, -0.002459052950143814, 0.42881205677986145, 0.0179152749478817, -0.17464622855186462, 0.049624934792518616], 0]
1
[[1544250641, 175683], [0.029894206672906876, -0.05192354694008827, 0.12954162061214447, 0.13500121235847473], [0.052482131868600845, 7.830462709534913e-05, 0.13798177242279053, 1.1641533570472262e-10, 0.8140396475791931, 0.0014920234680175781], [0.05690363794565201, -0.008862083777785301, 0.36774206161499023, 0.03596650809049606, 0.7842285633087158, 0.028419623151421547], 1]
2
[[1544250643, 98400], [0.03321579843759537, -0.05192354694008827, 0.13286319375038147, 0.13846279680728912], [0.05248195305466652, 0.00015881130821071565, 0.13798177242279053, 0.0, 0.8140396475791931, 0.0030260086059570312], [0.05681280791759491, -0.008779395371675491, 0.3677040934562683, 0.03631868585944176, 0.7847691774368286, 0.030315803363919258], 1]
3
[[1544250645, 8961], [0.03321579843759537, -0.05365433171391487, 0.13120239973068237, 0.13673201203346252], [0.052482131868600845, 7.830462709534913e-05, 0.13798177242279053, 1.1641533570472262e-10, 0.8140396475791931, 0.0014920234680175781], [0.05699197202920914, -0.008928637951612473, 0.36772388219833374, 0.036232054233551025, 0.7844626903533936, 0.028613708913326263], 1]
1
[[1544250651, 239792], [0.03321579843759537, -0.05192354694008827, 0.13286319375038147, 0.13846279680728912], [0.052482131868600845, 7.830462709534913e-05, 0.13798177242279053, 1.1641533570472262e-10, 0.8140396475791931, 0.0014920234680175781], [0.056978750973939896, -0.008812635205686092, 0.3677073121070862, 0.03666693717241287, 0.784410297870636, 0.029230276122689247], 1]
2
[[1544250653, 152696], [0.029894206672906876, -0.05192354694008827, 0.12954162061214447, 0.13500121235847473], [0.052482131868600845, 7.830462709534913e-05, 0.13798177242279053, 1.1641533570472262e-10, 0.8140396475791931, 0.0014920234680175781], [0.056885868310928345, -0.008913841098546982, 0.36772429943084717, 0.03646981343626976, 0.7841750979423523, 0.02893318608403206], 1]
3
[[1544250655, 72621], [0.03321579843759537, -0.05192354694008827, 0.13286319375038147, 0.13846279680728912], [0.052482131868600845, 7.830462709534913e-05, 0.13798177242279053, 1.1641533570472262e-10, 0.8140396475791931, 0.0014920234680175781], [0.05692979693412781, -0.008929328992962837, 0.36771315336227417, 0.036667350679636, 0.784297525882721, 0.02907617948949337], 1]
1
[[1544250661, 305991], [0.029894206672906876, -0.05192354694008827, 0.12954162061214447, 0.13500121235847473], [0.05248195305466652, 0.00015881130821071565, 0.13798177242279053, 0.0, 0.8140396475791931, 0.0030260086059570312], [0.05688083916902542, -0.008782404474914074, 0.3677315413951874, 0.03634188324213028, 0.784132719039917, 0.030375361442565918], 1]
2
[[1544250663, 217699], [0.029894206672906876, -0.05365433171391487, 0.13120239973068237, 0.13673201203346252], [0.05248195305466652, 0.00015881130821071565, 0.13798177242279053, 0.0, 0.8140396475791931, 0.0030260086059570312], [0.056872863322496414, -0.008821981027722359, 0.3677428066730499, 0.036051031202077866, 0.7841048836708069, 0.030010420829057693], 1]
3
[[1544250665, 138972], [0.029894206672906876, -0.05192354694008827, 0.12954162061214447, 0.13500121235847473], [0.05248195305466652, 0.00015881130821071565, 0.13798177242279053, 0.0, 0.8140396475791931, 0.0030260086059570312], [0.05684267356991768, -0.00856015458703041, 0.36775583028793335, 0.03579312562942505, 0.7840138077735901, 0.03013523668050766], 1]
1
[[1544250671, 429969], [0.03321579843759537, -0.05192354694008827, 0.13286319375038147, 0.13846279680728912], [0.052482[I] 6971 qimessaging.session: Session listener created on tcp://0.0.0.0:0
[I] 6971 qimessaging.transportserver: TransportServer will listen on: tcp://127.0.0.1:47543
[I] 6971 qimessaging.transportserver: TransportServer will listen on: tcp://192.168.43.253:47543
131868600845, 7.830462709534913e-05, 0.13798177242279053, 1.1641533570472262e-10, 0.8140396475791931, 0.0014920234680175781], [0.05694349855184555, -0.008569824509322643, 0.3677379786968231, 0.035571057349443436, 0.7846360206604004, 0.02839602716267109], 1]
2
[[1544250673, 343627], [0.03321579843759537, -0.05192354694008827, 0.13286319375038147, 0.13846279680728912], [0.05248195305466652, 0.00015881130821071565, 0.13798177242279053, 0.0, 0.8140396475791931, 0.0030260086059570312], [0.05699294060468674, -0.0085060466080904, 0.367744505405426, 0.03560552000999451, 0.7844252586364746, 0.030011730268597603], 1]
3
[[1544250675, 260467], [0.33547958731651306, 0.11423179507255554, 0.13286319375038147, 0.13846279680728912], [0.04716965928673744, -0.019118359312415123, 0.1436966061592102, 2.980232594040899e-08, 0.7035916447639465, -0.38507604598999023], [0.06376884877681732, -0.026501120999455452, 0.41567692160606384, -0.003720575012266636, 0.7559328675270081, -0.3868357539176941], 1]
[[-0.33138608932495117], [[1544250675, 260467], [0.33547958731651306, 0.11423179507255554, 0.13286319375038147, 0.13846279680728912], [0.04716965928673744, -0.019118359312415123, 0.1436966061592102, 2.980232594040899e-08, 0.7035916447639465, -0.38507604598999023], [0.06376884877681732, -0.026501120999455452, 0.41567692160606384, -0.003720575012266636, 0.7559328675270081, -0.3868357539176941], 1], 0]
0.0863132143168
acquisition delay  0.274073123932
Traceback (most recent call last):
  File "round1.py", line 811, in <module>
    showNaoImage()
  File "round1.py", line 577, in showNaoImage
    img = Image.frombytes("RGB", (imageWidth, imageHeight), array)
AttributeError: 'module' object has no attribute 'frombytes'
right hand touched
front head touched
1
[[1544250880, 532459], [-0.029894206672906876, -0.029423339292407036, 0.024911848828196526, 0.025961773470044136], [0.050896842032670975, -2.13571638596477e-06, 0.1436966061592102, 1.8189894035458565e-12, 0.703591525554657, -4.196166628389619e-05], [0.07406453043222427, -0.01210743747651577, 0.4550488293170929, 0.00018063806055579334, 0.7221265435218811, 0.001135585131123662], 1]
2
[[1544250880, 637838], [-0.07639630883932114, -0.036346472799777985, 0.028233429417014122, 0.029423343017697334], [0.050896842032670975, -2.13571638596477e-06, 0.1436966061592102, 1.8189894035458565e-12, 0.703591525554657, -4.196166628389619e-05], [0.07872360199689865, 0.008877018466591835, 0.4548856317996979, 0.005952415522187948, 0.7164967656135559, 0.0030689674895256758], 1]
3
[[1544250880, 637838], [-0.07639630883932114, -0.036346472799777985, 0.028233429417014122, 0.029423343017697334], [0.050896842032670975, -2.13571638596477e-06, 0.1436966061592102, 1.8189894035458565e-12, 0.703591525554657, -4.196166628389619e-05], [0.07872360199689865, 0.008877018466591835, 0.4548856317996979, 0.005952415522187948, 0.7164967656135559, 0.0030689674895256758], 1]
[[-4.1961669921875e-05], [[1544250880, 532459], [-0.029894206672906876, -0.029423339292407036, 0.024911848828196526, 0.025961773470044136], [0.050896842032670975, -2.13571638596477e-06, 0.1436966061592102, 1.8189894035458565e-12, 0.703591525554657, -4.196166628389619e-05], [0.07406453043222427, -0.01210743747651577, 0.4550488293170929, 0.00018063806055579334, 0.7221265435218811, 0.001135585131123662], 1], 0]
0.249150433489
acquisition delay  0.162437915802
Traceback (most recent call last):
  File "round1.py", line 811, in <module>
    showNaoImage()
  File "round1.py", line 577, in showNaoImage
    img = Image.frombytes("RGB", (imageWidth, imageHeight), array)
AttributeError: 'module' object has no attribute 'frombytes'
[I] 7096 qimessaging.session: Session listener created on tcp://0.0.0.0:0
[I] 7096 qimessaging.transportserver: TransportServer will listen on: tcp://127.0.0.1:55059
[I] 7096 qimessaging.transportserver: TransportServer will listen on: tcp://192.168.43.253:55059
right hand touched
front head touched
1
[[1544251244, 463908], [-0.3952679932117462, 0.3876957893371582, 0.06311001628637314, 0.06576982885599136], [0.050922926515340805, 0.00015409367915708572, 0.14361850917339325, 0.0, 0.7051255106925964, 0.0030260086059570312], [0.07596643269062042, 0.0009580205078236759, 0.4574200212955475, 0.00012772658374160528, 0.8237121105194092, 0.00263364240527153], 1]
2
[[1544251245, 402180], [-0.47830748558044434, -0.22673283517360687, 0.07473554462194443, 0.07788532227277756], [0.050949130207300186, 0.00015417298709508032, 0.14354035258293152, 2.3283064365386963e-10, 0.706659734249115, 0.0030260086059570312], [0.07779374718666077, 0.001110110548324883, 0.4573119282722473, -0.00038788196980021894, 0.8171870112419128, 0.002301709959283471], 1]
3
[[1544251245, 402180], [-0.47830748558044434, -0.22673283517360687, 0.07473554462194443, 0.07788532227277756], [0.050949130207300186, 0.00015417298709508032, 0.14354035258293152, 2.3283064365386963e-10, 0.706659734249115, 0.0030260086059570312], [0.07779374718666077, 0.001110110548324883, 0.4573119282722473, -0.00038788196980021894, 0.8171870112419128, 0.002301709959283471], 1]
[[0.0030260086059570312], [[1544251244, 463908], [-0.3952679932117462, 0.3876957893371582, 0.06311001628637314, 0.06576982885599136], [0.050922926515340805, 0.00015409367915708572, 0.14361850917339325, 0.0, 0.7051255106925964, 0.0030260086059570312], [0.07596643269062042, 0.0009580205078236759, 0.4574200212955475, 0.00012772658374160528, 0.8237121105194092, 0.00263364240527153], 1], 0]
0.248213040326
acquisition delay  0.14813709259
Traceback (most recent call last):
  File "round1.py", line 811, in <module>
    showNaoImage()
  File "round1.py", line 577, in showNaoImage
    img = Image.frombytes("RGB", (imageWidth, imageHeight), array)
AttributeError: 'module' object has no attribute 'frombytes'
